{"C:\\Users\\sallamelou\\Documents\\School-AppBackend\\Models\\eleveModel.js": {"path":"C:\\Users\\sallamelou\\Documents\\School-AppBackend\\Models\\eleveModel.js","statementMap":{"0":{"start":{"line":2,"column":19},"end":{"line":2,"column":54}},"1":{"start":{"line":5,"column":21},"end":{"line":13,"column":1}},"2":{"start":{"line":6,"column":28},"end":{"line":10,"column":17}},"3":{"start":{"line":11,"column":4},"end":{"line":11,"column":27}},"4":{"start":{"line":11,"column":15},"end":{"line":11,"column":27}},"5":{"start":{"line":12,"column":4},"end":{"line":12,"column":16}},"6":{"start":{"line":16,"column":24},"end":{"line":23,"column":1}},"7":{"start":{"line":17,"column":28},"end":{"line":20,"column":32}},"8":{"start":{"line":21,"column":4},"end":{"line":21,"column":27}},"9":{"start":{"line":21,"column":15},"end":{"line":21,"column":27}},"10":{"start":{"line":22,"column":4},"end":{"line":22,"column":16}},"11":{"start":{"line":26,"column":26},"end":{"line":45,"column":1}},"12":{"start":{"line":28,"column":53},"end":{"line":32,"column":17}},"13":{"start":{"line":34,"column":4},"end":{"line":34,"column":39}},"14":{"start":{"line":34,"column":21},"end":{"line":34,"column":39}},"15":{"start":{"line":35,"column":21},"end":{"line":35,"column":41}},"16":{"start":{"line":38,"column":28},"end":{"line":41,"column":34}},"17":{"start":{"line":43,"column":4},"end":{"line":43,"column":27}},"18":{"start":{"line":43,"column":15},"end":{"line":43,"column":27}},"19":{"start":{"line":44,"column":4},"end":{"line":44,"column":16}},"20":{"start":{"line":47,"column":24},"end":{"line":67,"column":1}},"21":{"start":{"line":49,"column":53},"end":{"line":53,"column":17}},"22":{"start":{"line":55,"column":4},"end":{"line":55,"column":39}},"23":{"start":{"line":55,"column":21},"end":{"line":55,"column":39}},"24":{"start":{"line":56,"column":21},"end":{"line":56,"column":41}},"25":{"start":{"line":59,"column":28},"end":{"line":63,"column":49}},"26":{"start":{"line":65,"column":4},"end":{"line":65,"column":27}},"27":{"start":{"line":65,"column":15},"end":{"line":65,"column":27}},"28":{"start":{"line":66,"column":4},"end":{"line":66,"column":16}},"29":{"start":{"line":70,"column":0},"end":{"line":70,"column":87}}},"fnMap":{"0":{"name":"(anonymous_0)","decl":{"start":{"line":5,"column":21},"end":{"line":5,"column":22}},"loc":{"start":{"line":5,"column":40},"end":{"line":13,"column":1}},"line":5},"1":{"name":"(anonymous_1)","decl":{"start":{"line":16,"column":24},"end":{"line":16,"column":25}},"loc":{"start":{"line":16,"column":43},"end":{"line":23,"column":1}},"line":16},"2":{"name":"(anonymous_2)","decl":{"start":{"line":26,"column":26},"end":{"line":26,"column":27}},"loc":{"start":{"line":26,"column":45},"end":{"line":45,"column":1}},"line":26},"3":{"name":"(anonymous_3)","decl":{"start":{"line":47,"column":24},"end":{"line":47,"column":25}},"loc":{"start":{"line":47,"column":43},"end":{"line":67,"column":1}},"line":47}},"branchMap":{"0":{"loc":{"start":{"line":11,"column":4},"end":{"line":11,"column":27}},"type":"if","locations":[{"start":{"line":11,"column":4},"end":{"line":11,"column":27}},{"start":{},"end":{}}],"line":11},"1":{"loc":{"start":{"line":21,"column":4},"end":{"line":21,"column":27}},"type":"if","locations":[{"start":{"line":21,"column":4},"end":{"line":21,"column":27}},{"start":{},"end":{}}],"line":21},"2":{"loc":{"start":{"line":34,"column":4},"end":{"line":34,"column":39}},"type":"if","locations":[{"start":{"line":34,"column":4},"end":{"line":34,"column":39}},{"start":{},"end":{}}],"line":34},"3":{"loc":{"start":{"line":43,"column":4},"end":{"line":43,"column":27}},"type":"if","locations":[{"start":{"line":43,"column":4},"end":{"line":43,"column":27}},{"start":{},"end":{}}],"line":43},"4":{"loc":{"start":{"line":55,"column":4},"end":{"line":55,"column":39}},"type":"if","locations":[{"start":{"line":55,"column":4},"end":{"line":55,"column":39}},{"start":{},"end":{}}],"line":55},"5":{"loc":{"start":{"line":65,"column":4},"end":{"line":65,"column":27}},"type":"if","locations":[{"start":{"line":65,"column":4},"end":{"line":65,"column":27}},{"start":{},"end":{}}],"line":65}},"s":{"0":1,"1":1,"2":1,"3":1,"4":0,"5":1,"6":1,"7":1,"8":1,"9":0,"10":1,"11":1,"12":0,"13":0,"14":0,"15":0,"16":0,"17":0,"18":0,"19":0,"20":1,"21":0,"22":0,"23":0,"24":0,"25":0,"26":0,"27":0,"28":0,"29":1},"f":{"0":1,"1":1,"2":0,"3":0},"b":{"0":[0,1],"1":[0,1],"2":[0,0],"3":[0,0],"4":[0,0],"5":[0,0]},"_coverageSchema":"1a1c01bbd47fc00a2c39e90264f33305004495a9","hash":"c5aedf58505ebc138838f405019686930ac7ed2b"}
,"C:\\Users\\sallamelou\\Documents\\School-AppBackend\\Models\\utilisateurModel.js": {"path":"C:\\Users\\sallamelou\\Documents\\School-AppBackend\\Models\\utilisateurModel.js","statementMap":{"0":{"start":{"line":1,"column":17},"end":{"line":1,"column":52}},"1":{"start":{"line":4,"column":26},"end":{"line":15,"column":1}},"2":{"start":{"line":5,"column":53},"end":{"line":5,"column":64}},"3":{"start":{"line":7,"column":28},"end":{"line":11,"column":17}},"4":{"start":{"line":13,"column":4},"end":{"line":13,"column":27}},"5":{"start":{"line":13,"column":15},"end":{"line":13,"column":27}},"6":{"start":{"line":14,"column":4},"end":{"line":14,"column":16}},"7":{"start":{"line":18,"column":24},"end":{"line":25,"column":1}},"8":{"start":{"line":19,"column":28},"end":{"line":21,"column":59}},"9":{"start":{"line":23,"column":4},"end":{"line":23,"column":27}},"10":{"start":{"line":23,"column":15},"end":{"line":23,"column":27}},"11":{"start":{"line":24,"column":4},"end":{"line":24,"column":16}},"12":{"start":{"line":28,"column":26},"end":{"line":36,"column":1}},"13":{"start":{"line":29,"column":28},"end":{"line":32,"column":45}},"14":{"start":{"line":34,"column":4},"end":{"line":34,"column":27}},"15":{"start":{"line":34,"column":15},"end":{"line":34,"column":27}},"16":{"start":{"line":35,"column":4},"end":{"line":35,"column":16}},"17":{"start":{"line":39,"column":36},"end":{"line":49,"column":1}},"18":{"start":{"line":40,"column":28},"end":{"line":45,"column":17}},"19":{"start":{"line":47,"column":4},"end":{"line":47,"column":27}},"20":{"start":{"line":47,"column":15},"end":{"line":47,"column":27}},"21":{"start":{"line":48,"column":4},"end":{"line":48,"column":16}},"22":{"start":{"line":52,"column":0},"end":{"line":52,"column":104}}},"fnMap":{"0":{"name":"(anonymous_0)","decl":{"start":{"line":4,"column":26},"end":{"line":4,"column":27}},"loc":{"start":{"line":4,"column":49},"end":{"line":15,"column":1}},"line":4},"1":{"name":"(anonymous_1)","decl":{"start":{"line":18,"column":24},"end":{"line":18,"column":25}},"loc":{"start":{"line":18,"column":36},"end":{"line":25,"column":1}},"line":18},"2":{"name":"(anonymous_2)","decl":{"start":{"line":28,"column":26},"end":{"line":28,"column":27}},"loc":{"start":{"line":28,"column":52},"end":{"line":36,"column":1}},"line":28},"3":{"name":"(anonymous_3)","decl":{"start":{"line":39,"column":36},"end":{"line":39,"column":37}},"loc":{"start":{"line":39,"column":65},"end":{"line":49,"column":1}},"line":39}},"branchMap":{"0":{"loc":{"start":{"line":13,"column":4},"end":{"line":13,"column":27}},"type":"if","locations":[{"start":{"line":13,"column":4},"end":{"line":13,"column":27}},{"start":{},"end":{}}],"line":13},"1":{"loc":{"start":{"line":23,"column":4},"end":{"line":23,"column":27}},"type":"if","locations":[{"start":{"line":23,"column":4},"end":{"line":23,"column":27}},{"start":{},"end":{}}],"line":23},"2":{"loc":{"start":{"line":34,"column":4},"end":{"line":34,"column":27}},"type":"if","locations":[{"start":{"line":34,"column":4},"end":{"line":34,"column":27}},{"start":{},"end":{}}],"line":34},"3":{"loc":{"start":{"line":47,"column":4},"end":{"line":47,"column":27}},"type":"if","locations":[{"start":{"line":47,"column":4},"end":{"line":47,"column":27}},{"start":{},"end":{}}],"line":47}},"s":{"0":1,"1":1,"2":1,"3":1,"4":1,"5":0,"6":1,"7":1,"8":0,"9":0,"10":0,"11":0,"12":1,"13":0,"14":0,"15":0,"16":0,"17":1,"18":0,"19":0,"20":0,"21":0,"22":1},"f":{"0":1,"1":0,"2":0,"3":0},"b":{"0":[0,1],"1":[0,0],"2":[0,0],"3":[0,0]},"_coverageSchema":"1a1c01bbd47fc00a2c39e90264f33305004495a9","hash":"c4680071611c52dafb9d9942dc9b37b81bd26d5a"}
,"C:\\Users\\sallamelou\\Documents\\School-AppBackend\\config\\supabaseClient.js": {"path":"C:\\Users\\sallamelou\\Documents\\School-AppBackend\\config\\supabaseClient.js","statementMap":{"0":{"start":{"line":1,"column":0},"end":{"line":1,"column":46}},"1":{"start":{"line":4,"column":25},"end":{"line":4,"column":57}},"2":{"start":{"line":7,"column":20},"end":{"line":7,"column":44}},"3":{"start":{"line":8,"column":20},"end":{"line":8,"column":44}},"4":{"start":{"line":10,"column":0},"end":{"line":12,"column":1}},"5":{"start":{"line":11,"column":2},"end":{"line":11,"column":82}},"6":{"start":{"line":14,"column":17},"end":{"line":14,"column":55}},"7":{"start":{"line":16,"column":0},"end":{"line":16,"column":26}}},"fnMap":{},"branchMap":{"0":{"loc":{"start":{"line":10,"column":0},"end":{"line":12,"column":1}},"type":"if","locations":[{"start":{"line":10,"column":0},"end":{"line":12,"column":1}},{"start":{},"end":{}}],"line":10},"1":{"loc":{"start":{"line":10,"column":4},"end":{"line":10,"column":32}},"type":"binary-expr","locations":[{"start":{"line":10,"column":4},"end":{"line":10,"column":16}},{"start":{"line":10,"column":20},"end":{"line":10,"column":32}}],"line":10}},"s":{"0":1,"1":1,"2":1,"3":1,"4":1,"5":0,"6":1,"7":1},"f":{},"b":{"0":[0,1],"1":[1,1]},"_coverageSchema":"1a1c01bbd47fc00a2c39e90264f33305004495a9","hash":"eae7b882b82bda06eacf36369ff72266e06f5df6"}
}
