TN:
SF:Models\eleveModel.js
FN:5,(anonymous_0)
FN:16,(anonymous_1)
FN:26,(anonymous_2)
FN:47,(anonymous_3)
FNF:4
FNH:2
FNDA:1,(anonymous_0)
FNDA:1,(anonymous_1)
FNDA:0,(anonymous_2)
FNDA:0,(anonymous_3)
DA:2,1
DA:5,1
DA:6,1
DA:11,1
DA:12,1
DA:16,1
DA:17,1
DA:21,1
DA:22,1
DA:26,1
DA:28,0
DA:34,0
DA:35,0
DA:38,0
DA:43,0
DA:44,0
DA:47,1
DA:49,0
DA:55,0
DA:56,0
DA:59,0
DA:65,0
DA:66,0
DA:70,1
LF:24
LH:12
BRDA:11,0,0,0
BRDA:11,0,1,1
BRDA:21,1,0,0
BRDA:21,1,1,1
BRDA:34,2,0,0
BRDA:34,2,1,0
BRDA:43,3,0,0
BRDA:43,3,1,0
BRDA:55,4,0,0
BRDA:55,4,1,0
BRDA:65,5,0,0
BRDA:65,5,1,0
BRF:12
BRH:2
end_of_record
TN:
SF:Models\utilisateurModel.js
FN:4,(anonymous_0)
FN:18,(anonymous_1)
FN:28,(anonymous_2)
FN:39,(anonymous_3)
FNF:4
FNH:1
FNDA:1,(anonymous_0)
FNDA:0,(anonymous_1)
FNDA:0,(anonymous_2)
FNDA:0,(anonymous_3)
DA:1,1
DA:4,1
DA:5,1
DA:7,1
DA:13,1
DA:14,1
DA:18,1
DA:19,0
DA:23,0
DA:24,0
DA:28,1
DA:29,0
DA:34,0
DA:35,0
DA:39,1
DA:40,0
DA:47,0
DA:48,0
DA:52,1
LF:19
LH:10
BRDA:13,0,0,0
BRDA:13,0,1,1
BRDA:23,1,0,0
BRDA:23,1,1,0
BRDA:34,2,0,0
BRDA:34,2,1,0
BRDA:47,3,0,0
BRDA:47,3,1,0
BRF:8
BRH:1
end_of_record
TN:
SF:config\supabaseClient.js
FNF:0
FNH:0
DA:1,1
DA:4,1
DA:7,1
DA:8,1
DA:10,1
DA:11,0
DA:14,1
DA:16,1
LF:8
LH:7
BRDA:10,0,0,0
BRDA:10,0,1,1
BRDA:10,1,0,1
BRDA:10,1,1,1
BRF:4
BRH:3
end_of_record
